c:\users\asus\downloads\09--pm6750\demo source\windows\monitor-hys-2010\release\monitor.bsc
c:\users\asus\downloads\09--pm6750\demo source\windows\monitor-hys-2010\release\monitor.pch
c:\users\asus\downloads\09--pm6750\demo source\windows\monitor-hys-2010\release\vc143.pdb
c:\users\asus\downloads\09--pm6750\demo source\windows\monitor-hys-2010\release\stdafx.sbr
c:\users\asus\downloads\09--pm6750\demo source\windows\monitor-hys-2010\release\stdafx.obj
c:\users\asus\downloads\09--pm6750\demo source\windows\monitor-hys-2010\release\channelview.sbr
c:\users\asus\downloads\09--pm6750\demo source\windows\monitor-hys-2010\release\commsetupdlg.sbr
c:\users\asus\downloads\09--pm6750\demo source\windows\monitor-hys-2010\release\ecgsetupdlg.sbr
c:\users\asus\downloads\09--pm6750\demo source\windows\monitor-hys-2010\release\leakagetestdlg.sbr
c:\users\asus\downloads\09--pm6750\demo source\windows\monitor-hys-2010\release\mainfrm.sbr
c:\users\asus\downloads\09--pm6750\demo source\windows\monitor-hys-2010\release\monitor.sbr
c:\users\asus\downloads\09--pm6750\demo source\windows\monitor-hys-2010\release\monitordoc.sbr
c:\users\asus\downloads\09--pm6750\demo source\windows\monitor-hys-2010\release\monitorview.sbr
c:\users\asus\downloads\09--pm6750\demo source\windows\monitor-hys-2010\release\nibpadjustdlg.sbr
c:\users\asus\downloads\09--pm6750\demo source\windows\monitor-hys-2010\release\nibpsetupdlg.sbr
c:\users\asus\downloads\09--pm6750\demo source\windows\monitor-hys-2010\release\splitter.sbr
c:\users\asus\downloads\09--pm6750\demo source\windows\monitor-hys-2010\release\staticpressdlg.sbr
c:\users\asus\downloads\09--pm6750\demo source\windows\monitor-hys-2010\release\tempadjustdlg.sbr
c:\users\asus\downloads\09--pm6750\demo source\windows\monitor-hys-2010\release\versiondlg.sbr
c:\users\asus\downloads\09--pm6750\demo source\windows\monitor-hys-2010\release\viewbar.sbr
c:\users\asus\downloads\09--pm6750\demo source\windows\monitor-hys-2010\release\viewbar.obj
c:\users\asus\downloads\09--pm6750\demo source\windows\monitor-hys-2010\release\versiondlg.obj
c:\users\asus\downloads\09--pm6750\demo source\windows\monitor-hys-2010\release\tempadjustdlg.obj
c:\users\asus\downloads\09--pm6750\demo source\windows\monitor-hys-2010\release\staticpressdlg.obj
c:\users\asus\downloads\09--pm6750\demo source\windows\monitor-hys-2010\release\splitter.obj
c:\users\asus\downloads\09--pm6750\demo source\windows\monitor-hys-2010\release\nibpsetupdlg.obj
c:\users\asus\downloads\09--pm6750\demo source\windows\monitor-hys-2010\release\nibpadjustdlg.obj
c:\users\asus\downloads\09--pm6750\demo source\windows\monitor-hys-2010\release\monitorview.obj
c:\users\asus\downloads\09--pm6750\demo source\windows\monitor-hys-2010\release\monitordoc.obj
c:\users\asus\downloads\09--pm6750\demo source\windows\monitor-hys-2010\release\monitor.obj
c:\users\asus\downloads\09--pm6750\demo source\windows\monitor-hys-2010\release\mainfrm.obj
c:\users\asus\downloads\09--pm6750\demo source\windows\monitor-hys-2010\release\leakagetestdlg.obj
c:\users\asus\downloads\09--pm6750\demo source\windows\monitor-hys-2010\release\ecgsetupdlg.obj
c:\users\asus\downloads\09--pm6750\demo source\windows\monitor-hys-2010\release\commsetupdlg.obj
c:\users\asus\downloads\09--pm6750\demo source\windows\monitor-hys-2010\release\channelview.obj
c:\users\asus\downloads\09--pm6750\demo source\windows\monitor-hys-2010\release\monitor-hys.exe
c:\users\asus\downloads\09--pm6750\demo source\windows\monitor-hys-2010\release\monitor-hys.pdb
c:\users\asus\downloads\09--pm6750\demo source\windows\monitor-hys-2010\release\monitor.res
c:\users\asus\downloads\09--pm6750\demo source\windows\monitor-hys-2010\release\monitor-hys.tlog\bscmake.command.1.tlog
c:\users\asus\downloads\09--pm6750\demo source\windows\monitor-hys-2010\release\monitor-hys.tlog\bscmake.read.1.tlog
c:\users\asus\downloads\09--pm6750\demo source\windows\monitor-hys-2010\release\monitor-hys.tlog\bscmake.write.1.tlog
c:\users\asus\downloads\09--pm6750\demo source\windows\monitor-hys-2010\release\monitor-hys.tlog\cl.command.1.tlog
c:\users\asus\downloads\09--pm6750\demo source\windows\monitor-hys-2010\release\monitor-hys.tlog\cl.items.tlog
c:\users\asus\downloads\09--pm6750\demo source\windows\monitor-hys-2010\release\monitor-hys.tlog\cl.read.1.tlog
c:\users\asus\downloads\09--pm6750\demo source\windows\monitor-hys-2010\release\monitor-hys.tlog\cl.write.1.tlog
c:\users\asus\downloads\09--pm6750\demo source\windows\monitor-hys-2010\release\monitor-hys.tlog\link.command.1.tlog
c:\users\asus\downloads\09--pm6750\demo source\windows\monitor-hys-2010\release\monitor-hys.tlog\link.read.1.tlog
c:\users\asus\downloads\09--pm6750\demo source\windows\monitor-hys-2010\release\monitor-hys.tlog\link.secondary.1.tlog
c:\users\asus\downloads\09--pm6750\demo source\windows\monitor-hys-2010\release\monitor-hys.tlog\link.write.1.tlog
c:\users\asus\downloads\09--pm6750\demo source\windows\monitor-hys-2010\release\monitor-hys.tlog\rc.command.1.tlog
c:\users\asus\downloads\09--pm6750\demo source\windows\monitor-hys-2010\release\monitor-hys.tlog\rc.read.1.tlog
c:\users\asus\downloads\09--pm6750\demo source\windows\monitor-hys-2010\release\monitor-hys.tlog\rc.write.1.tlog
